# JRE version: OpenJDK Runtime Environment (8.0_112-b06) (build 1.8.0_112-release-b06)
# Java VM: OpenJDK 64-Bit Server VM (25.112-b06 mixed mode windows-amd64 compressed oops)
Heap:
 PSYoungGen      total 218112K, used 15339K [0x00000000e0000000, 0x00000000f0680000, 0x0000000100000000)
  eden space 202752K, 0% used [0x00000000e0000000,0x00000000e0000000,0x00000000ec600000)
  from space 15360K, 99% used [0x00000000ed980000,0x00000000ee87ad08,0x00000000ee880000)
  to   space 19968K, 0% used [0x00000000ec600000,0x00000000ec600000,0x00000000ed980000)
 ParOldGen       total 85504K, used 85292K [0x00000000a0000000, 0x00000000a5380000, 0x00000000e0000000)
  object space 85504K, 99% used [0x00000000a0000000,0x00000000a534b118,0x00000000a5380000)
 Metaspace       used 75374K, capacity 82200K, committed 82304K, reserved 1120256K
  class space    used 9667K, capacity 10528K, committed 10624K, reserved 1048576K
GC Heap History (10 events):
Event: 10909.612 GC heap after
Heap after GC invocations=103 (full 3):
 PSYoungGen      total 211968K, used 5191K [0x00000000e0000000, 0x00000000ee180000, 0x0000000100000000)
  eden space 198144K, 0% used [0x00000000e0000000,0x00000000e0000000,0x00000000ec180000)
  from space 13824K, 37% used [0x00000000ed400000,0x00000000ed911fe0,0x00000000ee180000)
  to   space 16384K, 0% used [0x00000000ec180000,0x00000000ec180000,0x00000000ed180000)
 ParOldGen       total 85504K, used 80011K [0x00000000a0000000, 0x00000000a5380000, 0x00000000e0000000)
  object space 85504K, 93% used [0x00000000a0000000,0x00000000a4e22c78,0x00000000a5380000)
 Metaspace       used 74586K, capacity 81330K, committed 81408K, reserved 1120256K
  class space    used 9591K, capacity 10453K, committed 10496K, reserved 1048576K
}
Event: 10910.129 GC heap before
{Heap before GC invocations=104 (full 3):
 PSYoungGen      total 211968K, used 203141K [0x00000000e0000000, 0x00000000ee180000, 0x0000000100000000)
  eden space 198144K, 99% used [0x00000000e0000000,0x00000000ec14f438,0x00000000ec180000)
  from space 13824K, 37% used [0x00000000ed400000,0x00000000ed911fe0,0x00000000ee180000)
  to   space 16384K, 0% used [0x00000000ec180000,0x00000000ec180000,0x00000000ed180000)
 ParOldGen       total 85504K, used 80011K [0x00000000a0000000, 0x00000000a5380000, 0x00000000e0000000)
  object space 85504K, 93% used [0x00000000a0000000,0x00000000a4e22c78,0x00000000a5380000)
 Metaspace       used 74597K, capacity 81330K, committed 81408K, reserved 1120256K
  class space    used 9591K, capacity 10453K, committed 10496K, reserved 1048576K
Event: 10910.175 GC heap after
Heap after GC invocations=104 (full 3):
 PSYoungGen      total 214528K, used 9134K [0x00000000e0000000, 0x00000000ef600000, 0x0000000100000000)
  eden space 198144K, 0% used [0x00000000e0000000,0x00000000e0000000,0x00000000ec180000)
  from space 16384K, 55% used [0x00000000ec180000,0x00000000eca6b920,0x00000000ed180000)
  to   space 16384K, 0% used [0x00000000ee600000,0x00000000ee600000,0x00000000ef600000)
 ParOldGen       total 85504K, used 80019K [0x00000000a0000000, 0x00000000a5380000, 0x00000000e0000000)
  object space 85504K, 93% used [0x00000000a0000000,0x00000000a4e24c78,0x00000000a5380000)
 Metaspace       used 74597K, capacity 81330K, committed 81408K, reserved 1120256K
  class space    used 9591K, capacity 10453K, committed 10496K, reserved 1048576K
}
Event: 13418.596 GC heap before
{Heap before GC invocations=105 (full 3):
 PSYoungGen      total 214528K, used 207278K [0x00000000e0000000, 0x00000000ef600000, 0x0000000100000000)
  eden space 198144K, 100% used [0x00000000e0000000,0x00000000ec180000,0x00000000ec180000)
  from space 16384K, 55% used [0x00000000ec180000,0x00000000eca6b920,0x00000000ed180000)
  to   space 16384K, 0% used [0x00000000ee600000,0x00000000ee600000,0x00000000ef600000)
 ParOldGen       total 85504K, used 80019K [0x00000000a0000000, 0x00000000a5380000, 0x00000000e0000000)
  object space 85504K, 93% used [0x00000000a0000000,0x00000000a4e24c78,0x00000000a5380000)
 Metaspace       used 74644K, capacity 81482K, committed 81664K, reserved 1120256K
  class space    used 9599K, capacity 10461K, committed 10496K, reserved 1048576K
Event: 13418.603 GC heap after
Heap after GC invocations=105 (full 3):
 PSYoungGen      total 229376K, used 2544K [0x00000000e0000000, 0x00000000ef300000, 0x0000000100000000)
  eden space 216064K, 0% used [0x00000000e0000000,0x00000000e0000000,0x00000000ed300000)
  from space 13312K, 19% used [0x00000000ee600000,0x00000000ee87c010,0x00000000ef300000)
  to   space 16384K, 0% used [0x00000000ed300000,0x00000000ed300000,0x00000000ee300000)
 ParOldGen       total 85504K, used 80175K [0x00000000a0000000, 0x00000000a5380000, 0x00000000e0000000)
  object space 85504K, 93% used [0x00000000a0000000,0x00000000a4e4bc88,0x00000000a5380000)
 Metaspace       used 74644K, capacity 81482K, committed 81664K, reserved 1120256K
  class space    used 9599K, capacity 10461K, committed 10496K, reserved 1048576K
}
Event: 13426.715 GC heap before
{Heap before GC invocations=106 (full 3):
 PSYoungGen      total 229376K, used 218608K [0x00000000e0000000, 0x00000000ef300000, 0x0000000100000000)
  eden space 216064K, 100% used [0x00000000e0000000,0x00000000ed300000,0x00000000ed300000)
  from space 13312K, 19% used [0x00000000ee600000,0x00000000ee87c010,0x00000000ef300000)
  to   space 16384K, 0% used [0x00000000ed300000,0x00000000ed300000,0x00000000ee300000)
 ParOldGen       total 85504K, used 80175K [0x00000000a0000000, 0x00000000a5380000, 0x00000000e0000000)
  object space 85504K, 93% used [0x00000000a0000000,0x00000000a4e4bc88,0x00000000a5380000)
 Metaspace       used 75367K, capacity 82200K, committed 82304K, reserved 1120256K
  class space    used 9667K, capacity 10528K, committed 10624K, reserved 1048576K
Event: 13426.725 GC heap after
Heap after GC invocations=106 (full 3):
 PSYoungGen      total 212992K, used 5408K [0x00000000e0000000, 0x00000000ee880000, 0x0000000100000000)
  eden space 207360K, 0% used [0x00000000e0000000,0x00000000e0000000,0x00000000eca80000)
  from space 5632K, 96% used [0x00000000ed300000,0x00000000ed848180,0x00000000ed880000)
  to   space 15360K, 0% used [0x00000000ed980000,0x00000000ed980000,0x00000000ee880000)
 ParOldGen       total 85504K, used 80183K [0x00000000a0000000, 0x00000000a5380000, 0x00000000e0000000)
  object space 85504K, 93% used [0x00000000a0000000,0x00000000a4e4dc88,0x00000000a5380000)
 Metaspace       used 75367K, capacity 82200K, committed 82304K, reserved 1120256K
  class space    used 9667K, capacity 10528K, committed 10624K, reserved 1048576K
}
Event: 13427.637 GC heap before
{Heap before GC invocations=107 (full 3):
 PSYoungGen      total 212992K, used 208268K [0x00000000e0000000, 0x00000000ee880000, 0x0000000100000000)
  eden space 207360K, 97% used [0x00000000e0000000,0x00000000ec61af68,0x00000000eca80000)
  from space 5632K, 96% used [0x00000000ed300000,0x00000000ed848180,0x00000000ed880000)
  to   space 15360K, 0% used [0x00000000ed980000,0x00000000ed980000,0x00000000ee880000)
 ParOldGen       total 85504K, used 80183K [0x00000000a0000000, 0x00000000a5380000, 0x00000000e0000000)
  object space 85504K, 93% used [0x00000000a0000000,0x00000000a4e4dc88,0x00000000a5380000)
 Metaspace       used 75374K, capacity 82200K, committed 82304K, reserved 1120256K
  class space    used 9667K, capacity 10528K, committed 10624K, reserved 1048576K
Event: 13427.670 GC heap after
Heap after GC invocations=107 (full 3):
 PSYoungGen      total 218112K, used 15339K [0x00000000e0000000, 0x00000000f0680000, 0x0000000100000000)
  eden space 202752K, 0% used [0x00000000e0000000,0x00000000e0000000,0x00000000ec600000)
  from space 15360K, 99% used [0x00000000ed980000,0x00000000ee87ad08,0x00000000ee880000)
  to   space 19968K, 0% used [0x00000000ec600000,0x00000000ec600000,0x00000000ed980000)
 ParOldGen       total 85504K, used 85292K [0x00000000a0000000, 0x00000000a5380000, 0x00000000e0000000)
  object space 85504K, 99% used [0x00000000a0000000,0x00000000a534b118,0x00000000a5380000)
 Metaspace       used 75374K, capacity 82200K, committed 82304K, reserved 1120256K
  class space    used 9667K, capacity 10528K, committed 10624K, reserved 1048576K
}
Event: 13427.670 GC heap before
{Heap before GC invocations=108 (full 4):
 PSYoungGen      total 218112K, used 15339K [0x00000000e0000000, 0x00000000f0680000, 0x0000000100000000)
  eden space 202752K, 0% used [0x00000000e0000000,0x00000000e0000000,0x00000000ec600000)
  from space 15360K, 99% used [0x00000000ed980000,0x00000000ee87ad08,0x00000000ee880000)
  to   space 19968K, 0% used [0x00000000ec600000,0x00000000ec600000,0x00000000ed980000)
 ParOldGen       total 85504K, used 85292K [0x00000000a0000000, 0x00000000a5380000, 0x00000000e0000000)
  object space 85504K, 99% used [0x00000000a0000000,0x00000000a534b118,0x00000000a5380000)
 Metaspace       used 75374K, capacity 82200K, committed 82304K, reserved 1120256K
  class space    used 9667K, capacity 10528K, committed 10624K, reserved 1048576K

